Watching for file changes with StatReloader
Performing system checks...

System check identified some issues:

WARNINGS:
todos.Todo: (models.W042) Auto-created primary key used when not defining a primary key type, by default 'django.db.models.AutoField'.
	HINT: Configure the DEFAULT_AUTO_FIELD setting or the TodosConfig.default_auto_field attribute to point to a subclass of AutoField, e.g. 'django.db.models.BigAutoField'.

System check identified 1 issue (0 silenced).
January 27, 2023 - 12:11:20
Django version 4.1.5, using settings 'todoApp.settings'
Starting development server at http://0.0.0.0:8000/
Quit the server with CONTROL-C.
[27/Jan/2023 12:11:34] "POST /todos/add/ HTTP/1.1" 302 0
[27/Jan/2023 12:11:34] "GET /todos/ HTTP/1.1" 200 4667
[27/Jan/2023 12:11:34] "GET /static/css/style.css HTTP/1.1" 304 0
[27/Jan/2023 12:11:36] "POST /todos/23/update HTTP/1.1" 302 0
[27/Jan/2023 12:11:37] "GET /todos/ HTTP/1.1" 200 4704
[27/Jan/2023 12:11:38] "GET /todos/23/delete HTTP/1.1" 302 0
[27/Jan/2023 12:11:38] "GET /todos/ HTTP/1.1" 200 4091
[27/Jan/2023 12:33:11] "POST /todos/add/ HTTP/1.1" 302 0
[27/Jan/2023 12:33:11] "GET /todos/ HTTP/1.1" 200 4667
[27/Jan/2023 12:33:12] "GET /static/css/style.css HTTP/1.1" 304 0
[27/Jan/2023 15:42:12] "GET / HTTP/1.1" 302 0
[27/Jan/2023 15:42:13,860] - Broken pipe from ('184.105.247.210', 36247)
[27/Jan/2023 19:13:25] code 400, message Bad request syntax ('MGLNDD_18.183.24.227_8000')
[27/Jan/2023 19:13:25] "MGLNDD_18.183.24.227_8000" 400 -
[27/Jan/2023 21:15:15] code 400, message Bad HTTP/0.9 request type ('\x16\x03\x01\x00{\x01\x00\x00w\x03\x03Ï¢O[!\x88§PÕ\x96¥óöþåFkøXI\x14ÙAÑØ¦%TX\x1b\x08Å\x00\x00\x1aÀ/À+À\x11À\x07À\x13À')
[27/Jan/2023 21:15:15] You're accessing the development server over HTTPS, but it only supports HTTP.
[27/Jan/2023 21:15:15] code 400, message Bad request syntax ('\x16\x03\x01\x00{\x01\x00\x00w\x03\x03á¬A')
[27/Jan/2023 21:15:15] You're accessing the development server over HTTPS, but it only supports HTTP.
[27/Jan/2023 21:15:16] "GET / HTTP/1.1" 302 0
[27/Jan/2023 21:15:16] code 400, message Bad request version ('À\x14À')
[27/Jan/2023 21:15:16] You're accessing the development server over HTTPS, but it only supports HTTP.
[28/Jan/2023 01:52:33] code 400, message Bad HTTP/0.9 request type ('\x16\x03\x01\x00{\x01\x00\x00w\x03\x03©\x84Mp¼~D\x15«\x02ÿKÏÉôlÎ´\x91µ-®å«¡t¬?ÁF{\x82\x00\x00\x1aÀ/À+À\x11À\x07À\x13À')
[28/Jan/2023 01:52:33] You're accessing the development server over HTTPS, but it only supports HTTP.
